
Showing logs for build [32mcb-kubecd-bdd-gh-1584283269-mas-2j4br-1[0m stage [32mfrom-build-pack[0m and container [32mstep-credential-initializer-xh5z7[0m
{"level":"warn","ts":1584284981.8232577,"logger":"fallback-logger","caller":"logging/config.go:69","msg":"Fetch GitHub commit ID from kodata failed: \"ref: refs/heads/0.8.0-**-support-backwards-incompats\" is not a valid GitHub commit ID"}
{"level":"info","ts":1584284981.8238535,"logger":"fallback-logger","caller":"creds-init/main.go:40","msg":"Credentials initialized."}

Showing logs for build [32mcb-kubecd-bdd-gh-1584283269-mas-2j4br-1[0m stage [32mfrom-build-pack[0m and container [32mstep-working-dir-initializer-j8mhv[0m
{"level":"warn","ts":1584284983.197877,"logger":"fallback-logger","caller":"logging/config.go:69","msg":"Fetch GitHub commit ID from kodata failed: open /var/run/ko/HEAD: no such file or directory"}
{"level":"info","ts":1584284983.2163875,"logger":"fallback-logger","caller":"bash/main.go:64","msg":"Successfully executed command \"sh -c mkdir -p /workspace/source\"; output "}

Showing logs for build [32mcb-kubecd-bdd-gh-1584283269-mas-2j4br-1[0m stage [32mfrom-build-pack[0m and container [32mstep-place-tools[0m

Showing logs for build [32mcb-kubecd-bdd-gh-1584283269-mas-2j4br-1[0m stage [32mfrom-build-pack[0m and container [32mstep-git-source-cb-kubecd-bdd-gh-1584283269-mas-2j4br-crfnm[0m
{"level":"warn","ts":1584284990.4932706,"logger":"fallback-logger","caller":"logging/config.go:69","msg":"Fetch GitHub commit ID from kodata failed: \"ref: refs/heads/0.8.0-**-support-backwards-incompats\" is not a valid GitHub commit ID"}
{"level":"info","ts":1584284991.6184382,"logger":"fallback-logger","caller":"git/git.go:103","msg":"Successfully cloned https://github.com/cb-kubecd/bdd-gh-1584283269.git @ v0.0.1 in path /workspace/source"}

Showing logs for build [32mcb-kubecd-bdd-gh-1584283269-mas-2j4br-1[0m stage [32mfrom-build-pack[0m and container [32mstep-git-merge[0m
Using SHAs from PULL_REFS=master:a9c8deb061904d35df0a6cc20ac71fdc21995df7
WARNING: no SHAs to merge, falling back to initial cloned commit

Showing logs for build [32mcb-kubecd-bdd-gh-1584283269-mas-2j4br-1[0m stage [32mfrom-build-pack[0m and container [32mstep-setup-jx-git-credentials[0m
Generated Git credentials file /workspace/xdg_config/git/credentials

Showing logs for build [32mcb-kubecd-bdd-gh-1584283269-mas-2j4br-1[0m stage [32mfrom-build-pack[0m and container [32mstep-build-make-build[0m
CGO_ENABLED=0 GO15VENDOREXPERIMENT=1 go build -ldflags '' -o bin/bdd-gh-1584283269 main.go

Showing logs for build [32mcb-kubecd-bdd-gh-1584283269-mas-2j4br-1[0m stage [32mfrom-build-pack[0m and container [32mstep-build-container-build[0m
[36mINFO[0m[0000] No base image, nothing to extract            
[36mINFO[0m[0000] cmd: EXPOSE                                  
[36mINFO[0m[0000] Adding exposed port: 8080/tcp                
[36mINFO[0m[0000] Using files from context: [/workspace/source/bin] 
[36mINFO[0m[0000] Skipping unpacking as no commands require it. 
[36mINFO[0m[0000] Taking snapshot of full filesystem...        
[36mINFO[0m[0000] EXPOSE 8080                                  
[36mINFO[0m[0000] cmd: EXPOSE                                  
[36mINFO[0m[0000] Adding exposed port: 8080/tcp                
[36mINFO[0m[0000] No files changed in this command, skipping snapshotting. 
[36mINFO[0m[0000] ENTRYPOINT ["/bdd-gh-1584283269"]            
[36mINFO[0m[0000] No files changed in this command, skipping snapshotting. 
[36mINFO[0m[0000] Using files from context: [/workspace/source/bin] 
[36mINFO[0m[0000] COPY ./bin/ /                                
[36mINFO[0m[0000] Taking snapshot of files...                  
2020/03/15 15:10:26 pushed blob: sha256:bd37dbd289e2f266eceddd568753473f6ac8c2a8938f826232f483d6ff0a2a87
2020/03/15 15:10:26 pushed blob: sha256:67367b5ff33354e5a38058ce9d52209d1a6c4999b98f8ff3182699b3ed7cf41f
2020/03/15 15:10:28 gcr.io/jenkins-x-bdd3/bdd-gh-1584283269:0.0.1: digest: sha256:a07155ae7e84d98a093487ca66b4f8104e3272277a68811a8983b1b6243adbd1 size: 428

Showing logs for build [32mcb-kubecd-bdd-gh-1584283269-mas-2j4br-1[0m stage [32mfrom-build-pack[0m and container [32mstep-build-post-build[0m
no CVE provider running in the current ** namespace so skip adding image to be analysed

Showing logs for build [32mcb-kubecd-bdd-gh-1584283269-mas-2j4br-1[0m stage [32mfrom-build-pack[0m and container [32mstep-promote-changelog[0m
Converted /workspace/source/charts/bdd-gh-1584283269 to an unshallow repository
Generating change log from git ref 54b5709916b5db02092de8a7c7d5f26bcad057c5 => b34724129954847d70c3bb690d554af601c812d3
Associating user x-0 in users.jenkins.io with email c**d-bot@cloudbees.com to git GitProvider user with login -0 as emails match
Adding label jenkins.io/git-github-userid=-0 to user x-0 in users.jenkins.io
WARNING: Failed to enrich commit a9c8deb061904d35df0a6cc20ac71fdc21995df7 with issues: User.jenkins.io "x-0" is invalid: metadata.labels: Invalid value: "-0": a valid label must be an empty string or consist of alphanumeric characters, '-', '_' or '.', and must start and end with an alphanumeric character (e.g. 'MyValue',  or 'my_value',  or '12345', regex used for validation is '(([A-Za-z0-9][-A-Za-z0-9_.]*)?[A-Za-z0-9])?')
Associating user x-0 in users.jenkins.io with email c**d-bot@cloudbees.com to git GitProvider user with login -0 as emails match
Adding label jenkins.io/git-github-userid=-0 to user x-0 in users.jenkins.io
WARNING: Failed to enrich commit a9c8deb061904d35df0a6cc20ac71fdc21995df7 with issues: User.jenkins.io "x-0" is invalid: metadata.labels: Invalid value: "-0": a valid label must be an empty string or consist of alphanumeric characters, '-', '_' or '.', and must start and end with an alphanumeric character (e.g. 'MyValue',  or 'my_value',  or '12345', regex used for validation is '(([A-Za-z0-9][-A-Za-z0-9_.]*)?[A-Za-z0-9])?')
Finding issues in commit messages using git format
WARNING: No release found for cb-kubecd/bdd-gh-1584283269 and tag v0.0.1 so creating a new release
Updated the release information at https://github.com/cb-kubecd/bdd-gh-1584283269/releases/tag/v0.0.1
generated: /workspace/source/charts/bdd-gh-1584283269/templates/release.yaml
Created Release bdd-gh-1584283269-0-0-1 resource in namespace **
Updating PipelineActivity cb-kubecd-bdd-gh-1584283269-master-1 with version 0.0.1
Updated PipelineActivities cb-kubecd-bdd-gh-1584283269-master-1 with release notes URL: https://github.com/cb-kubecd/bdd-gh-1584283269/releases/tag/v0.0.1

Showing logs for build [32mcb-kubecd-bdd-gh-1584283269-mas-2j4br-1[0m stage [32mfrom-build-pack[0m and container [32mstep-promote-helm-release[0m
WARNING: No $CHART_REPOSITORY defined so using the default value of: http://jenkins-x-chartmuseum:8080
Adding missing Helm repo: storage.googleapis.com https://storage.googleapis.com/chartmuseum.jenkins-x.io
WARNING: No secrets found on "helm/repos" due: reading the secret "helm/repos" from vault: no secret "helm/repos" not found in vault
Read credentials for https://storage.googleapis.com/chartmuseum.jenkins-x.io from vault helm/repos
Successfully added Helm repository storage.googleapis.com.
Adding missing Helm repo: jenkins-x-chartmuseum http://jenkins-x-chartmuseum:8080
WARNING: No secrets found on "helm/repos" due: reading the secret "helm/repos" from vault: no secret "helm/repos" not found in vault
Read credentials for http://jenkins-x-chartmuseum:8080 from vault helm/repos
Successfully added Helm repository jenkins-x-chartmuseum.
WARNING: No $CHART_REPOSITORY defined so using the default value of: http://jenkins-x-chartmuseum:8080
Uploading chart file bdd-gh-1584283269-0.0.1.tgz to http://jenkins-x-chartmuseum:8080/api/charts
Received 201 response: {"saved":true}

Showing logs for build [32mcb-kubecd-bdd-gh-1584283269-mas-2j4br-1[0m stage [32mfrom-build-pack[0m and container [32mstep-promote-jx-promote[0m
WARNING: prow based install so skip waiting for the merge of Pull Requests to go green as currently there is an issue with gettingstatuses from the PR, see https://github.com/jenkins-x/**/issues/2410
WARNING: No $CHART_REPOSITORY defined so using the default value of: http://jenkins-x-chartmuseum:8080
Promoting app bdd-gh-1584283269 version 0.0.1 to namespace **-staging
WARNING: 
Created Pull Request: https://github.com/cb-kubecd/environment-pr-182-73-boot-gke-staging/pull/4
Added label updatebot to Pull Request https://github.com/cb-kubecd/environment-pr-182-73-boot-gke-staging/pull/4
got git provider status pending from PR https://github.com/cb-kubecd/environment-pr-182-73-boot-gke-staging/pull/4
got git provider status pending from PR https://github.com/cb-kubecd/environment-pr-182-73-boot-gke-staging/pull/4
got git provider status pending from PR https://github.com/cb-kubecd/environment-pr-182-73-boot-gke-staging/pull/4
got git provider status pending from PR https://github.com/cb-kubecd/environment-pr-182-73-boot-gke-staging/pull/4
got git provider status pending from PR https://github.com/cb-kubecd/environment-pr-182-73-boot-gke-staging/pull/4
Pull Request https://github.com/cb-kubecd/environment-pr-182-73-boot-gke-staging/pull/4 is merged at sha c23984440c6ccaece4a8a68bf0e076cdf3dc498b
Pull Request merged but we are not waiting for the update pipeline to complete!
WARNING: Could not find the service URL in namespace **-staging for names bdd-gh-1584283269, **-bdd-gh-1584283269, **-staging-bdd-gh-1584283269
